<?xml version="1.0" encoding="UTF-8"?>
<!-- Generated by org.testng.reporters.JUnitXMLReporter -->
<testsuite ignored="5" hostname="LAPTOP-PFAPR085" failures="0" tests="1" name="Amazon Automation" time="14.771" errors="0" timestamp="2020-11-08T13:31:47 EST">
  <testcase classname="amazontest.Practice3FromClass" name="loginWithValidCredential" time="8.614"/>
  <testcase classname="amazontest.Practice3FromClass" name="searchBox1" time="0.0">
    <ignored/>
  </testcase> <!-- searchBox1 -->
  <testcase classname="amazontest.Practice3FromClass" name="searchBox4" time="0.0">
    <ignored/>
  </testcase> <!-- searchBox4 -->
  <testcase classname="amazontest.Practice3FromClass" name="checkHomePageTitle" time="0.0">
    <ignored/>
  </testcase> <!-- checkHomePageTitle -->
  <testcase classname="amazontest.Practice3FromClass" name="searchBox2" time="0.0">
    <ignored/>
  </testcase> <!-- searchBox2 -->
  <testcase classname="amazontest.Practice3FromClass" name="searchBox3" time="0.0">
    <ignored/>
  </testcase> <!-- searchBox3 -->
</testsuite> <!-- Amazon Automation -->
